<?xml version="1.0" encoding="UTF-8"?>
<!-- Generated by org.testng.reporters.JUnitXMLReporter -->
<testsuite hostname="LAPTOP-JIBR9C35" ignored="1" name="Default test" tests="1" failures="0" timestamp="20 Dec 2020 17:14:43 GMT" time="167.737" errors="0">
  <testcase name="LandingPageNavigationBar" time="0.754" classname="academy.LandingpageTest"/>
  <testcase name="LandingPageCenterText" time="0.0" classname="academy.LandingpageTest">
    <ignored/>
  </testcase> <!-- LandingPageCenterText -->
</testsuite> <!-- Default test -->
