<?xml version="1.0" encoding="UTF-8"?>
<testng-results skipped="0" failed="0" ignored="0" total="4" passed="4">
  <reporter-output>
  </reporter-output>
  <suite name="Suite" duration-ms="66209" started-at="2021-01-26T12:09:06Z" finished-at="2021-01-26T12:10:12Z">
    <groups>
    </groups>
    <test name="home" duration-ms="54289" started-at="2021-01-26T12:09:06Z" finished-at="2021-01-26T12:10:00Z">
      <class name="academy.LandingpageTest">
        <test-method status="PASS" signature="initialise()[pri:0, instance:academy.LandingpageTest@49912c99]" name="initialise" is-config="true" duration-ms="52068" started-at="2021-01-26T12:09:06Z" finished-at="2021-01-26T12:09:58Z">
          <reporter-output>
          </reporter-output>
        </test-method> <!-- initialise -->
        <test-method status="PASS" signature="LandingPageCenterText()[pri:0, instance:academy.LandingpageTest@49912c99]" name="LandingPageCenterText" duration-ms="1027" started-at="2021-01-26T12:09:58Z" finished-at="2021-01-26T12:09:59Z">
          <reporter-output>
          </reporter-output>
        </test-method> <!-- LandingPageCenterText -->
        <test-method status="PASS" signature="LandingPageNavigationBar()[pri:0, instance:academy.LandingpageTest@49912c99]" name="LandingPageNavigationBar" duration-ms="665" started-at="2021-01-26T12:09:59Z" finished-at="2021-01-26T12:10:00Z">
          <reporter-output>
          </reporter-output>
        </test-method> <!-- LandingPageNavigationBar -->
        <test-method status="PASS" signature="tearDown()[pri:0, instance:academy.LandingpageTest@49912c99]" name="tearDown" is-config="true" duration-ms="503" started-at="2021-01-26T12:10:00Z" finished-at="2021-01-26T12:10:00Z">
          <reporter-output>
          </reporter-output>
        </test-method> <!-- tearDown -->
      </class> <!-- academy.LandingpageTest -->
    </test> <!-- home -->
    <test name="login" duration-ms="66209" started-at="2021-01-26T12:09:06Z" finished-at="2021-01-26T12:10:12Z">
      <class name="academy.LoginPageTest">
        <test-method status="PASS" signature="initialise()[pri:0, instance:academy.LoginPageTest@24fcf36f]" name="initialise" is-config="true" duration-ms="51969" started-at="2021-01-26T12:09:06Z" finished-at="2021-01-26T12:09:58Z">
          <reporter-output>
          </reporter-output>
        </test-method> <!-- initialise -->
        <test-method status="PASS" signature="loginPageTitle()[pri:0, instance:academy.LoginPageTest@24fcf36f]" name="loginPageTitle" duration-ms="13974" started-at="2021-01-26T12:09:58Z" finished-at="2021-01-26T12:10:12Z">
          <reporter-output>
          </reporter-output>
        </test-method> <!-- loginPageTitle -->
        <test-method status="PASS" signature="loginPagetext()[pri:0, instance:academy.LoginPageTest@24fcf36f]" name="loginPagetext" duration-ms="96" started-at="2021-01-26T12:10:12Z" finished-at="2021-01-26T12:10:12Z">
          <reporter-output>
          </reporter-output>
        </test-method> <!-- loginPagetext -->
        <test-method status="PASS" signature="tearDown()[pri:0, instance:academy.LoginPageTest@24fcf36f]" name="tearDown" is-config="true" duration-ms="65" started-at="2021-01-26T12:10:12Z" finished-at="2021-01-26T12:10:12Z">
          <reporter-output>
          </reporter-output>
        </test-method> <!-- tearDown -->
      </class> <!-- academy.LoginPageTest -->
    </test> <!-- login -->
  </suite> <!-- Suite -->
</testng-results>
