<?xml version="1.0" encoding="UTF-8"?>
<testsuite xmlns:xsi="http://www.w3.org/2001/XMLSchema-instance" xsi:noNamespaceSchemaLocation="https://maven.apache.org/surefire/maven-surefire-plugin/xsd/surefire-test-report-3.0.xsd" version="3.0" name="TestSuite" time="71.117" tests="4" errors="0" skipped="0" failures="0">
  <properties>
[...]
</properties>
  <testcase name="LandingPageCenterText" classname="academy.LandingpageTest" time="0.959">
    <system-out><![CDATA[Hello
This test case loginPageTitle Started
This test case LandingPageCenterText Started
]]></system-out>
    <system-err><![CDATA[SSttaarrttiinngg  ChCrhomreDormeiDverr i8v6e.0r.4 28640.0.2.242 (403.9282b 07(4333593f8fb360fb71b482346385f36f3fa336af9b13bb842e24e688f9e6-3are3af9s3/bb4rea2nech89-ehe-ardesfs//42b4r0an@{c#h-3h7e8}ad)s /on42 4p0o@rt{ #347283}2) 2o
nO nploryt l o42ca3l44 c
onOnnecltiyo nsl ocaarle  calolnonewcetdi.on
Ps laerasee  alsleowee d.ht
Ptlpeass:e/ /sceehr ohmtetpsdr:/i/vcherorm.edchrirovmeriu.mch.ororgm/iusem.cuorrig/tyse-ccournsitiyde-croantisiodnser faotir onssug gfeosrt isounsg goens tkieeonpisn go n ChkreoempeiDrnig vCehrr osmaefDer.iv
er safe.
CChhrroomemeDDrirvievre rw awsas  ssttaartretded  ssucuccceessssfufullllyy..

[16116[6291765.14511]6[6W2AR9N7IN5G]: Th.i4s5 5v]e[rWsAiRoNnI NoGf] :Chrom eDTrihveir sha s vnoet rbseein otens ted owfith  CChhrroommeeD rveirvseir onh a8s7 .no
t been tested with Chrome version 87.
Jan 26, 2021 5:39:40 PM org.openqa.selenium.remote.ProtocolHandshake createSession
INFO: Detected dialect: W3C
Jan 26, 2021 5:39:40 PM org.openqa.selenium.remote.ProtocolHandshake createSession
INFO: Detected dialect: W3C
]]></system-err>
  </testcase>
  <testcase name="LandingPageNavigationBar" classname="academy.LandingpageTest" time="0.655">
    <system-out><![CDATA[This test case LandingPageNavigationBar Started
]]></system-out>
  </testcase>
  <testcase name="loginPageTitle" classname="academy.LoginPageTest" time="12.921">
    <system-out><![CDATA[WebServices Testing using SoapUI  WebServices Testing using SoapUI 
]]></system-out>
  </testcase>
  <testcase name="loginPagetext" classname="academy.LoginPageTest" time="0.095">
    <system-out><![CDATA[This test case loginPagetext Started
Log In to WebServices Testing using SoapUI Log In to WebServices Testing using SoapUI
]]></system-out>
  </testcase>
</testsuite>